<?xml version="1.0" encoding="UTF-8" ?>
<testsuite errors="0" failures="0" hostname="Alfredos-MacBook-Pro.local" name="com.jasmine.phantomjs.SpecRunnerBuilderSpec" tests="2" time="0.056" timestamp="2013-09-17T11:03:07">
  <properties />
  <testcase classname="com.jasmine.phantomjs.SpecRunnerBuilderSpec" name="build a well formed html file" time="0.04" />
  <testcase classname="com.jasmine.phantomjs.SpecRunnerBuilderSpec" name="the html include referentes to the jasmine scripts" time="0.0010" />
  <system-out><![CDATA[--Output from build a well formed html file--
--Output from the html include referentes to the jasmine scripts--
]]></system-out>
  <system-err><![CDATA[--Output from build a well formed html file--
--Output from the html include referentes to the jasmine scripts--
]]></system-err>
</testsuite>
